[02:58:09] [main/INFO]: Environment: authHost='https://authserver.mojang.com', accountsHost='https://api.mojang.com', sessionHost='https://sessionserver.mojang.com', servicesHost='https://api.minecraftservices.com', name='PROD'
[02:58:10] [main/INFO]: Reloading ResourceManager: Default, bukkit
[02:58:13] [Worker-Main-2/INFO]: Loaded 7 recipes
[02:58:17] [Server thread/INFO]: Starting minecraft server version 1.16.4
[02:58:17] [Server thread/INFO]: Loading properties
[02:58:17] [Server thread/INFO]: Default game type: SURVIVAL
[02:58:17] [Server thread/INFO]: Generating keypair
[02:58:18] [Server thread/INFO]: Starting Minecraft server on *:25565
[02:58:18] [Server thread/INFO]: Using epoll channel type
[02:58:18] [Server thread/INFO]: This server is running CraftBukkit version git-Bukkit-3eb7236 (MC: 1.16.4) (Implementing API version 1.16.4-R0.1-SNAPSHOT)
[02:58:20] [Server thread/WARN]: Initializing Legacy Material Support. Unless you have legacy plugins and/or data this is a bug!
[02:58:26] [Server thread/WARN]: Legacy plugin EmptyServerStopper v0.3 does not specify an api-version.
[02:58:26] [Server thread/INFO]: [EmptyServerStopper] Loading EmptyServerStopper v0.3
[02:58:26] [Server thread/INFO]: Preparing level "world"
[02:58:26] [Server thread/INFO]: Preparing start region for dimension minecraft:overworld
[02:58:30] [Server thread/INFO]: Preparing spawn area: 0%
[02:58:30] [Server thread/INFO]: Preparing spawn area: 0%
[02:58:30] [Server thread/INFO]: Preparing spawn area: 0%
[02:58:30] [Server thread/INFO]: Preparing spawn area: 0%
[02:58:30] [Server thread/INFO]: Preparing spawn area: 0%
[02:58:30] [Server thread/INFO]: Preparing spawn area: 0%
[02:58:30] [Server thread/INFO]: Preparing spawn area: 0%
[02:58:30] [Server thread/INFO]: Preparing spawn area: 0%
[02:58:31] [Server thread/INFO]: Preparing spawn area: 40%
[02:58:31] [Server thread/INFO]: Time elapsed: 4739 ms
[02:58:31] [Server thread/INFO]: Preparing start region for dimension minecraft:the_nether
[02:58:33] [Server thread/INFO]: Preparing spawn area: 0%
[02:58:33] [Server thread/INFO]: Preparing spawn area: 0%
[02:58:33] [Server thread/INFO]: Preparing spawn area: 0%
[02:58:33] [Server thread/INFO]: Preparing spawn area: 0%
[02:58:33] [Server thread/INFO]: Preparing spawn area: 0%
[02:58:34] [Worker-Main-2/INFO]: Preparing spawn area: 76%
[02:58:34] [Worker-Main-2/INFO]: Preparing spawn area: 89%
[02:58:35] [Worker-Main-2/INFO]: Preparing spawn area: 89%
[02:58:35] [Worker-Main-2/INFO]: Preparing spawn area: 89%
[02:58:36] [Worker-Main-2/INFO]: Preparing spawn area: 89%
[02:58:36] [Worker-Main-2/INFO]: Preparing spawn area: 89%
[02:58:37] [Worker-Main-2/INFO]: Preparing spawn area: 89%
[02:58:37] [Worker-Main-2/INFO]: Preparing spawn area: 89%
[02:58:38] [Worker-Main-2/INFO]: Preparing spawn area: 89%
[02:58:38] [Worker-Main-2/INFO]: Preparing spawn area: 89%
[02:58:39] [Worker-Main-2/INFO]: Preparing spawn area: 89%
[02:58:39] [Worker-Main-2/INFO]: Preparing spawn area: 89%
[02:58:40] [Worker-Main-2/INFO]: Preparing spawn area: 89%
[02:58:40] [Worker-Main-2/INFO]: Preparing spawn area: 89%
[02:58:41] [Worker-Main-2/INFO]: Preparing spawn area: 89%
[02:58:41] [Worker-Main-2/INFO]: Preparing spawn area: 89%
[02:58:42] [Worker-Main-2/INFO]: Preparing spawn area: 89%
[02:58:42] [Worker-Main-2/INFO]: Preparing spawn area: 89%
[02:58:43] [Worker-Main-2/INFO]: Preparing spawn area: 91%
[02:58:43] [Worker-Main-2/INFO]: Preparing spawn area: 91%
[02:58:44] [Worker-Main-2/INFO]: Preparing spawn area: 93%
[02:58:44] [Worker-Main-2/INFO]: Preparing spawn area: 93%
[02:58:45] [Worker-Main-2/INFO]: Preparing spawn area: 93%
[02:58:45] [Worker-Main-2/INFO]: Preparing spawn area: 93%
[02:58:46] [Worker-Main-2/INFO]: Preparing spawn area: 93%
[02:58:46] [Worker-Main-2/INFO]: Preparing spawn area: 94%
[02:58:47] [Worker-Main-2/INFO]: Preparing spawn area: 94%
[02:58:47] [Worker-Main-2/INFO]: Preparing spawn area: 95%
[02:58:48] [Server thread/INFO]: Time elapsed: 16791 ms
[02:58:48] [Server thread/INFO]: Preparing start region for dimension minecraft:the_end
[02:58:49] [Server thread/INFO]: Preparing spawn area: 0%
[02:58:49] [Server thread/INFO]: Preparing spawn area: 0%
[02:58:49] [Worker-Main-2/INFO]: Preparing spawn area: 83%
[02:58:49] [Worker-Main-2/INFO]: Preparing spawn area: 83%
[02:58:50] [Worker-Main-2/INFO]: Preparing spawn area: 83%
[02:58:50] [Worker-Main-2/INFO]: Preparing spawn area: 84%
[02:58:51] [Worker-Main-2/INFO]: Preparing spawn area: 92%
[02:58:51] [Server thread/INFO]: Time elapsed: 3413 ms
[02:58:51] [Server thread/INFO]: [EmptyServerStopper] Enabling EmptyServerStopper v0.3
[02:58:51] [Server thread/INFO]: Server permissions file permissions.yml is empty, ignoring it
[02:58:51] [Server thread/INFO]: Done (25.419s)! For help, type "help"
[02:59:10] [User Authenticator #1/INFO]: UUID of player Qayin is fb1ae339-aeb9-443c-affa-36f295915de3
[02:59:11] [Server thread/INFO]: Qayin[/143.208.14.54:44392] logged in with entity id 262 at ([world]-220.9071756203751, 57.0, -237.83113041674062)
[03:06:08] [Server thread/INFO]: Qayin lost connection: Disconnected
[03:06:08] [Server thread/INFO]: [EmptyServerStopper] Server empty -> shutdown in 10 minute(s).
[03:06:08] [Server thread/INFO]: Qayin left the game
[03:06:13] [Server thread/INFO]: Stopping the server
[03:06:13] [Server thread/INFO]: Stopping server
[03:06:13] [Server thread/INFO]: [EmptyServerStopper] Disabling EmptyServerStopper v0.3
[03:06:13] [Server thread/INFO]: Saving players
[03:06:14] [Server thread/INFO]: Saving worlds
[03:06:14] [Server thread/INFO]: Saving chunks for level 'ServerLevel[world]'/minecraft:overworld
[03:06:15] [Server thread/INFO]: ThreadedAnvilChunkStorage (world): All chunks are saved
[03:06:15] [Server thread/INFO]: Saving chunks for level 'ServerLevel[world_nether]'/minecraft:the_nether
[03:06:16] [Server thread/INFO]: ThreadedAnvilChunkStorage (DIM-1): All chunks are saved
[03:06:16] [Server thread/INFO]: Saving chunks for level 'ServerLevel[world_the_end]'/minecraft:the_end
[03:06:16] [Server thread/INFO]: ThreadedAnvilChunkStorage (DIM1): All chunks are saved
[03:06:16] [Server thread/INFO]: ThreadedAnvilChunkStorage (world): All chunks are saved
[03:06:16] [Server thread/INFO]: ThreadedAnvilChunkStorage (DIM-1): All chunks are saved
[03:06:16] [Server thread/INFO]: ThreadedAnvilChunkStorage (DIM1): All chunks are saved
