2020-12-14 16:17:40.859 - info: .........................
2020-12-14 16:17:40.861 - info: ... A new story begin ...
2020-12-14 16:17:40.903 - info: .........................
2020-12-14 16:17:40.904 - info: Retrieved settings: serverName=SleepingServer, waiting for his prince..., serverPort=25565, loginMessage=...Waking server up, come back in a minute..., serverOnlineMode=true, webPort=0, webDir=plugins/dynmap/web, startMinecraft=1, minecraftCommand=java -jar spigot.jar nogui, version=1.16.3
2020-12-14 16:17:41.278 - info: Waiting for a Prince to come. [25565] Or someone to type quit.
2020-12-14 16:17:41.280 - info: Ready for battle
2020-12-14 16:17:48.372 - info: A Prince has taken a quick peek. [handshaking_1.16.4]
2020-12-14 16:17:49.310 - info: Prince [Qayin.play] has come, time to wake up.
2020-12-14 16:17:49.311 - info: Sending best regards ...Waking server up, come back in a minute...
2020-12-14 16:17:49.335 - info: The prince is gone, for now ...Waking server up, come back in a minute...
2020-12-14 16:19:54.198 - info: .........................
2020-12-14 16:19:54.200 - info: ... A new story begin ...
2020-12-14 16:19:54.241 - info: .........................
2020-12-14 16:19:54.242 - info: Retrieved settings: serverName=SleepingServer, waiting for his prince..., serverPort=25565, loginMessage=...Waking server up, come back in a minute..., serverOnlineMode=true, webPort=0, webDir=plugins/dynmap/web, startMinecraft=1, minecraftCommand=java -jar craftbukkit-1.16.4.jar, version=1.16.3
2020-12-14 16:19:54.748 - info: Waiting for a Prince to come. [25565] Or someone to type quit.
2020-12-14 16:19:54.750 - info: Ready for battle
2020-12-14 16:19:58.459 - info: A Prince has taken a quick peek. [handshaking_1.16.4]
2020-12-14 16:20:01.851 - info: A Prince has taken a quick peek. [handshaking_1.16.4]
2020-12-14 16:20:02.971 - info: Prince [Qayin.play] has come, time to wake up.
2020-12-14 16:20:02.972 - info: Sending best regards ...Waking server up, come back in a minute...
2020-12-14 16:20:02.997 - info: The prince is gone, for now ...Waking server up, come back in a minute...
2020-12-14 16:20:02.997 - info: Cleaning up the place.
2020-12-14 16:20:02.998 - info: ----------- Starting Minecraft : java -jar craftbukkit-1.16.4.jar ----------- 
2020-12-14 16:31:59.851 - info: ----------- Minecraft stopped -----------
2020-12-14 16:31:59.851 - info: ...Time to kill me if you want...
2020-12-14 16:32:04.857 - info: ...Too late !...
2020-12-14 16:32:05.052 - info: Waiting for a Prince to come. [25565] Or someone to type quit.
2020-12-14 16:32:05.052 - info: Ready for battle
2020-12-14 16:32:31.974 - info: A Prince has taken a quick peek. [handshaking_1.16.4]
2020-12-14 16:35:59.678 - info: SIGINT signal received.
2020-12-14 16:37:12.376 - info: .........................
2020-12-14 16:37:12.377 - info: ... A new story begin ...
2020-12-14 16:37:12.422 - info: .........................
2020-12-14 16:37:12.422 - info: Retrieved settings: serverName=SleepingServer, waiting for his prince..., serverPort=25565, loginMessage=...Waking server up, come back in a minute..., serverOnlineMode=true, webPort=0, webDir=plugins/dynmap/web, startMinecraft=1, minecraftCommand=java -jar craftbukkit-1.16.4.jar, version=1.16.3
2020-12-14 16:37:12.938 - info: Waiting for a Prince to come. [25565] Or someone to type quit.
2020-12-14 16:37:12.940 - info: Ready for battle
2020-12-14 16:37:39.332 - info: A Prince has taken a quick peek. [handshaking_1.16.4]
2020-12-14 16:37:40.727 - info: A Prince has taken a quick peek. [handshaking_1.16.4]
2020-12-14 16:37:42.047 - info: Prince [Qayin.play] has come, time to wake up.
2020-12-14 16:37:42.047 - info: Sending best regards ...Waking server up, come back in a minute...
2020-12-14 16:37:42.098 - info: The prince is gone, for now ...Waking server up, come back in a minute...
2020-12-14 16:43:03.450 - info: .........................
2020-12-14 16:43:03.452 - info: ... A new story begin ...
2020-12-14 16:43:03.500 - info: .........................
2020-12-14 16:43:03.501 - info: Retrieved settings: serverName=SleepingServer, waiting for his prince..., serverPort=25565, loginMessage=...Waking server up, come back in a minute..., serverOnlineMode=true, webPort=0, webDir=plugins/dynmap/web, startMinecraft=1, minecraftCommand=java -jar craftbukkit-1.16.4.jar, version=1.16.3
2020-12-14 16:43:03.955 - info: Waiting for a Prince to come. [25565] Or someone to type quit.
2020-12-14 16:43:03.957 - info: Ready for battle
2020-12-14 16:44:03.705 - info: A Prince has taken a quick peek. [handshaking_1.16.4]
2020-12-14 16:44:03.875 - info: A Prince has taken a quick peek. [handshaking_1.16.4]
2020-12-14 16:44:05.242 - info: Prince [Qayin.play] has come, time to wake up.
2020-12-14 16:44:05.242 - info: Sending best regards ...Waking server up, come back in a minute...
2020-12-14 16:44:05.695 - info: The prince is gone, for now ...Waking server up, come back in a minute...
2020-12-14 16:44:05.696 - info: Cleaning up the place.
2020-12-14 16:44:05.696 - info: ----------- Starting Minecraft : java -jar craftbukkit-1.16.4.jar ----------- 
2020-12-14 16:45:00.534 - info: ----------- Minecraft stopped -----------
2020-12-14 16:45:00.534 - info: ...Time to kill me if you want...
2020-12-14 16:45:05.541 - info: ...Too late !...
2020-12-14 16:45:06.547 - info: Waiting for a Prince to come. [25565] Or someone to type quit.
2020-12-14 16:45:06.547 - info: Ready for battle
2020-12-14 16:45:20.738 - info: SIGINT signal received.
2020-12-14 16:50:03.829 - info: .........................
2020-12-14 16:50:03.831 - info: ... A new story begin ...
2020-12-14 16:50:03.873 - info: .........................
2020-12-14 16:50:03.874 - info: Retrieved settings: serverName=SleepingServer, waiting for his prince..., serverPort=25565, loginMessage=...Waking server up, come back in a minute..., serverOnlineMode=true, webPort=0, webDir=plugins/dynmap/web, startMinecraft=1, minecraftCommand=java -jar craftbukkit-1.16.4.jar, version=1.16.3
2020-12-14 16:50:04.162 - info: Waiting for a Prince to come. [25565] Or someone to type quit.
2020-12-14 16:50:04.164 - info: Ready for battle
2020-12-14 21:13:42.425 - info: A Prince has taken a quick peek. [handshaking_1.16.4]
2020-12-14 21:13:42.475 - info: A Prince has taken a quick peek. [handshaking_1.16.4]
2020-12-14 21:13:43.899 - info: Prince [Qayin.play] has come, time to wake up.
2020-12-14 21:13:43.899 - info: Sending best regards ...Waking server up, come back in a minute...
2020-12-14 21:13:44.038 - info: The prince is gone, for now ...Waking server up, come back in a minute...
2020-12-14 21:13:44.039 - info: Cleaning up the place.
2020-12-14 21:13:44.040 - info: ----------- Starting Minecraft : java -jar craftbukkit-1.16.4.jar ----------- 
2020-12-15 02:11:59.585 - info: ----------- Minecraft stopped -----------
2020-12-15 02:11:59.586 - info: ...Time to kill me if you want...
2020-12-15 02:12:04.592 - info: ...Too late !...
2020-12-15 02:12:05.571 - info: Waiting for a Prince to come. [25565] Or someone to type quit.
2020-12-15 02:12:05.571 - info: Ready for battle
2020-12-15 20:02:55.127 - info: .........................
2020-12-15 20:02:55.137 - info: ... A new story begin ...
2020-12-15 20:02:55.341 - info: .........................
2020-12-15 20:02:55.344 - info: Retrieved settings: serverName=SleepingServer, waiting for his prince..., serverPort=25565, loginMessage=...Waking server up, come back in a minute..., serverOnlineMode=true, webPort=0, webDir=plugins/dynmap/web, startMinecraft=1, minecraftCommand=java -jar craftbukkit-1.16.4.jar, version=1.16.3
2020-12-15 20:02:56.427 - info: Waiting for a Prince to come. [25565] Or someone to type quit.
2020-12-15 20:02:56.437 - info: Ready for battle
2020-12-15 20:03:00.271 - info: A Prince has taken a quick peek. [handshaking_1.16.4]
2020-12-15 20:03:02.050 - info: A Prince has taken a quick peek. [handshaking_1.16.4]
2020-12-15 20:03:04.435 - info: Prince [Qayin.play] has come, time to wake up.
2020-12-15 20:03:04.437 - info: Sending best regards ...Waking server up, come back in a minute...
2020-12-15 20:03:04.453 - info: The prince is gone, for now ...Waking server up, come back in a minute...
2020-12-15 20:03:04.455 - info: Cleaning up the place.
2020-12-15 20:03:04.457 - info: ----------- Starting Minecraft : java -jar craftbukkit-1.16.4.jar ----------- 
2020-12-15 20:03:57.208 - info: ----------- Minecraft stopped -----------
2020-12-15 20:03:57.208 - info: ...Time to kill me if you want...
2020-12-15 20:04:02.215 - info: ...Too late !...
2020-12-15 20:04:02.560 - info: Waiting for a Prince to come. [25565] Or someone to type quit.
2020-12-15 20:04:02.561 - info: Ready for battle
2020-12-15 20:04:03.763 - info: A Prince has taken a quick peek. [handshaking_1.16.4]
2020-12-15 20:04:06.185 - info: A Prince has taken a quick peek. [handshaking_1.16.4]
2020-12-15 20:04:07.826 - info: Prince [Qayin.play] has come, time to wake up.
2020-12-15 20:04:07.828 - info: Sending best regards ...Waking server up, come back in a minute...
2020-12-15 20:04:08.007 - info: The prince is gone, for now ...Waking server up, come back in a minute...
2020-12-15 20:08:49.859 - info: .........................
2020-12-15 20:08:49.872 - info: ... A new story begin ...
2020-12-15 20:08:50.139 - info: .........................
2020-12-15 20:08:50.143 - info: Retrieved settings: serverName=SleepingServer, waiting for his prince..., serverPort=25565, loginMessage=...Waking server up, come back in a minute..., serverOnlineMode=true, webPort=0, webDir=plugins/dynmap/web, startMinecraft=1, minecraftCommand=java -jar craftbukkit-1.16.4.jar, version=1.16.3
2020-12-15 20:08:53.552 - info: Waiting for a Prince to come. [25565] Or someone to type quit.
2020-12-15 20:08:53.558 - info: Ready for battle
2020-12-15 20:09:34.815 - info: A Prince has taken a quick peek. [handshaking_1.16.4]
2020-12-15 20:09:38.942 - info: A Prince has taken a quick peek. [handshaking_1.16.4]
2020-12-15 20:09:41.467 - info: Prince [Qayin.play] has come, time to wake up.
2020-12-15 20:09:41.469 - info: Sending best regards ...Waking server up, come back in a minute...
2020-12-15 20:09:41.642 - info: The prince is gone, for now ...Waking server up, come back in a minute...
2020-12-15 20:09:41.643 - info: Cleaning up the place.
2020-12-15 20:09:41.643 - info: ----------- Starting Minecraft : java -jar craftbukkit-1.16.4.jar ----------- 
2020-12-15 20:10:34.047 - info: ----------- Minecraft stopped -----------
2020-12-15 20:10:34.047 - info: ...Time to kill me if you want...
2020-12-15 20:10:39.051 - info: ...Too late !...
2020-12-15 20:10:40.261 - info: Waiting for a Prince to come. [25565] Or someone to type quit.
2020-12-15 20:10:40.262 - info: Ready for battle
2020-12-15 20:11:24.144 - info: A Prince has taken a quick peek. [handshaking_1.16.4]
2020-12-15 20:11:26.037 - info: A Prince has taken a quick peek. [handshaking_1.16.4]
2020-12-15 20:11:26.758 - info: Prince [Qayin.play] has come, time to wake up.
2020-12-15 20:11:26.758 - info: Sending best regards ...Waking server up, come back in a minute...
2020-12-15 20:11:26.925 - info: The prince is gone, for now ...Waking server up, come back in a minute...
2020-12-15 20:11:26.925 - info: Cleaning up the place.
2020-12-15 20:11:26.925 - info: ----------- Starting Minecraft : java -jar craftbukkit-1.16.4.jar ----------- 
2020-12-15 22:00:05.951 - info: ----------- Minecraft stopped -----------
2020-12-15 22:00:05.952 - info: ...Time to kill me if you want...
2020-12-15 22:00:08.723 - info: SIGINT signal received.
